0 info it worked if it ends with ok
1 verbose cli [ 'node', '/usr/local/bin/npm', 'install', '-g', 'generator-ngbp' ]
2 info using npm@2.0.0
3 info using node@v0.10.12
4 verbose cache add [ 'generator-ngbp', null ]
5 verbose cache add spec="generator-ngbp" args=["generator-ngbp",null]
6 verbose parsed spec { raw: 'generator-ngbp',
6 verbose parsed spec   scope: null,
6 verbose parsed spec   name: 'generator-ngbp',
6 verbose parsed spec   rawSpec: '',
6 verbose parsed spec   spec: '*',
6 verbose parsed spec   type: 'range' }
7 verbose parsed spec { raw: 'generator-ngbp',
7 verbose parsed spec   scope: null,
7 verbose parsed spec   name: 'generator-ngbp',
7 verbose parsed spec   rawSpec: '',
7 verbose parsed spec   spec: '*',
7 verbose parsed spec   type: 'range' }
8 verbose addNamed [ 'generator-ngbp', '*' ]
9 verbose addNamed [ null, '*' ]
10 silly lockFile ae5491c7-generator-ngbp generator-ngbp@*
11 verbose lock generator-ngbp@* /Users/andresabril/.npm/ae5491c7-generator-ngbp.lock
12 silly addNameRange { name: 'generator-ngbp', range: '*', hasData: false }
13 verbose mapToRegistry name generator-ngbp
14 verbose mapToRegistry uri https://registry.npmjs.org/generator-ngbp
15 verbose request on initialization, where is /generator-ngbp
16 verbose request after pass 1, where is /generator-ngbp
17 verbose request url raw /generator-ngbp
18 verbose request resolving registry [ 'https://registry.npmjs.org/', './generator-ngbp' ]
19 verbose request after pass 2, where is https://registry.npmjs.org/generator-ngbp
20 verbose request no auth needed
21 info attempt registry request try #1 at 16:03:42
22 verbose request id 2ab5a223dfdbbe7c
23 http request GET https://registry.npmjs.org/generator-ngbp
24 http 200 https://registry.npmjs.org/generator-ngbp
25 silly registry.get cb [ 200,
25 silly registry.get   { date: 'Wed, 22 Oct 2014 21:03:43 GMT',
25 silly registry.get     server: 'CouchDB/1.5.0 (Erlang OTP/R16B03)',
25 silly registry.get     etag: '"3U7MB86ZQYEKYVE806K5HLD5W"',
25 silly registry.get     'content-type': 'application/json',
25 silly registry.get     'cache-control': 'max-age=60',
25 silly registry.get     'content-length': '13749',
25 silly registry.get     'accept-ranges': 'bytes',
25 silly registry.get     via: '1.1 varnish',
25 silly registry.get     age: '0',
25 silly registry.get     'x-served-by': 'cache-atl6231-ATL',
25 silly registry.get     'x-cache': 'MISS',
25 silly registry.get     'x-cache-hits': '0',
25 silly registry.get     'x-timer': 'S1414011823.399851,VS0,VE143',
25 silly registry.get     vary: 'Accept',
25 silly registry.get     'keep-alive': 'timeout=10, max=50',
25 silly registry.get     connection: 'Keep-Alive' } ]
26 silly addNameRange number 2 { name: 'generator-ngbp', range: '*', hasData: true }
27 silly addNameRange versions [ 'generator-ngbp',
27 silly addNameRange   [ '0.0.1',
27 silly addNameRange     '0.0.2',
27 silly addNameRange     '0.0.3',
27 silly addNameRange     '0.0.4',
27 silly addNameRange     '0.0.5',
27 silly addNameRange     '0.0.9',
27 silly addNameRange     '0.1.0',
27 silly addNameRange     '0.1.1',
27 silly addNameRange     '0.1.2' ] ]
28 verbose addNamed [ 'generator-ngbp', '0.1.2' ]
29 verbose addNamed [ '0.1.2', '0.1.2' ]
30 silly lockFile 8ea96b13-generator-ngbp-0-1-2 generator-ngbp@0.1.2
31 verbose lock generator-ngbp@0.1.2 /Users/andresabril/.npm/8ea96b13-generator-ngbp-0-1-2.lock
32 silly lockFile 6d53e164-or-ngbp-generator-ngbp-0-1-2-tgz https://registry.npmjs.org/generator-ngbp/-/generator-ngbp-0.1.2.tgz
33 verbose lock https://registry.npmjs.org/generator-ngbp/-/generator-ngbp-0.1.2.tgz /Users/andresabril/.npm/6d53e164-or-ngbp-generator-ngbp-0-1-2-tgz.lock
34 verbose addRemoteTarball [ 'https://registry.npmjs.org/generator-ngbp/-/generator-ngbp-0.1.2.tgz',
34 verbose addRemoteTarball   '5db966846ea027b9933ab4369ad7a838b56b9418' ]
35 info retry fetch attempt 1 at 16:03:43
36 info attempt registry request try #1 at 16:03:43
37 http fetch GET https://registry.npmjs.org/generator-ngbp/-/generator-ngbp-0.1.2.tgz
38 http fetch 200 https://registry.npmjs.org/generator-ngbp/-/generator-ngbp-0.1.2.tgz
39 silly fetchAndShaCheck shasum 5db966846ea027b9933ab4369ad7a838b56b9418
40 silly lockFile 6d53e164-or-ngbp-generator-ngbp-0-1-2-tgz https://registry.npmjs.org/generator-ngbp/-/generator-ngbp-0.1.2.tgz
41 silly lockFile 6d53e164-or-ngbp-generator-ngbp-0-1-2-tgz https://registry.npmjs.org/generator-ngbp/-/generator-ngbp-0.1.2.tgz
42 silly lockFile 8ea96b13-generator-ngbp-0-1-2 generator-ngbp@0.1.2
43 silly lockFile 8ea96b13-generator-ngbp-0-1-2 generator-ngbp@0.1.2
44 silly lockFile ae5491c7-generator-ngbp generator-ngbp@*
45 silly lockFile ae5491c7-generator-ngbp generator-ngbp@*
46 silly resolved [ { name: 'generator-ngbp',
46 silly resolved     version: '0.1.2',
46 silly resolved     description: 'Yeoman generator based on the ngBoilerplate kickstarter, a best-practice boilerplate for scalable Angular projects built on a highly modular, folder-by-feature structure.',
46 silly resolved     keywords:
46 silly resolved      [ 'yeoman-generator',
46 silly resolved        'angular',
46 silly resolved        'angularjs',
46 silly resolved        'boilerplate',
46 silly resolved        'ngboilerplate',
46 silly resolved        'scaffold',
46 silly resolved        'enterprise',
46 silly resolved        'framework',
46 silly resolved        'module',
46 silly resolved        'client',
46 silly resolved        'grunt',
46 silly resolved        'karma',
46 silly resolved        'express',
46 silly resolved        'app' ],
46 silly resolved     license: 'MIT',
46 silly resolved     main: 'app/index.js',
46 silly resolved     repository: { type: 'git', url: 'git://github.com/thardy/generator-ngbp' },
46 silly resolved     author: { name: 'Tim Hardy', url: 'https://github.com/thardy' },
46 silly resolved     engines: { node: '>=0.10.0' },
46 silly resolved     scripts: { test: 'mocha' },
46 silly resolved     dependencies:
46 silly resolved      { 'yeoman-generator': '~0.16.0',
46 silly resolved        chalk: '~0.4.0',
46 silly resolved        touch: '0.0.3' },
46 silly resolved     devDependencies: { mocha: '*' },
46 silly resolved     peerDependencies: { yo: '>=1.0.0' },
46 silly resolved     bugs: { url: 'https://github.com/thardy/generator-ngbp/issues' },
46 silly resolved     homepage: 'https://github.com/thardy/generator-ngbp',
46 silly resolved     _id: 'generator-ngbp@0.1.2',
46 silly resolved     dist:
46 silly resolved      { shasum: '5db966846ea027b9933ab4369ad7a838b56b9418',
46 silly resolved        tarball: 'http://registry.npmjs.org/generator-ngbp/-/generator-ngbp-0.1.2.tgz' },
46 silly resolved     _from: 'generator-ngbp@*',
46 silly resolved     _npmVersion: '1.4.4',
46 silly resolved     _npmUser: { name: 'thardy', email: 'hardy.tim+npm@gmail.com' },
46 silly resolved     maintainers: [ [Object] ],
46 silly resolved     directories: {},
46 silly resolved     _shasum: '5db966846ea027b9933ab4369ad7a838b56b9418',
46 silly resolved     _resolved: 'https://registry.npmjs.org/generator-ngbp/-/generator-ngbp-0.1.2.tgz' } ]
47 info install generator-ngbp@0.1.2 into /usr/local/lib
48 info installOne generator-ngbp@0.1.2
49 verbose lib/node_modules/generator-ngbp unbuild
50 verbose gentlyRm vacuuming /usr/local/lib/node_modules/generator-ngbp
51 verbose tar unpack /Users/andresabril/.npm/generator-ngbp/0.1.2/package.tgz
52 silly lockFile 86134fd5--lib-node-modules-generator-ngbp tar:///usr/local/lib/node_modules/generator-ngbp
53 verbose lock tar:///usr/local/lib/node_modules/generator-ngbp /Users/andresabril/.npm/86134fd5--lib-node-modules-generator-ngbp.lock
54 silly lockFile cb74e4d4-generator-ngbp-0-1-2-package-tgz tar:///Users/andresabril/.npm/generator-ngbp/0.1.2/package.tgz
55 verbose lock tar:///Users/andresabril/.npm/generator-ngbp/0.1.2/package.tgz /Users/andresabril/.npm/cb74e4d4-generator-ngbp-0-1-2-package-tgz.lock
56 verbose gentlyRm vacuuming /usr/local/lib/node_modules/generator-ngbp
57 silly gunzTarPerm modes [ '755', '644' ]
58 verbose fstream_path /usr/local/lib/node_modules/generator-ngbp
59 verbose fstream_type Directory
60 verbose fstream_class DirWriter
61 verbose stack Error: EACCES, mkdir '/usr/local/lib/node_modules/generator-ngbp'
62 verbose fstream_stack /usr/local/lib/node_modules/npm/node_modules/fstream/lib/dir-writer.js:36:23
62 verbose fstream_stack /usr/local/lib/node_modules/npm/node_modules/mkdirp/index.js:46:53
62 verbose fstream_stack Object.oncomplete (fs.js:107:15)
63 verbose cwd /Users/andresabril/Dropbox/Proyectos/Clientes/Caracol/EventosCaracol
64 error Darwin 14.0.0
65 error argv "node" "/usr/local/bin/npm" "install" "-g" "generator-ngbp"
66 error node v0.10.12
67 error npm  v2.0.0
68 error path /usr/local/lib/node_modules/generator-ngbp
69 error code EACCES
70 error errno 3
71 error Error: EACCES, mkdir '/usr/local/lib/node_modules/generator-ngbp'
71 error  { [Error: EACCES, mkdir '/usr/local/lib/node_modules/generator-ngbp']
71 error   errno: 3,
71 error   code: 'EACCES',
71 error   path: '/usr/local/lib/node_modules/generator-ngbp',
71 error   fstream_type: 'Directory',
71 error   fstream_path: '/usr/local/lib/node_modules/generator-ngbp',
71 error   fstream_class: 'DirWriter',
71 error   fstream_stack:
71 error    [ '/usr/local/lib/node_modules/npm/node_modules/fstream/lib/dir-writer.js:36:23',
71 error      '/usr/local/lib/node_modules/npm/node_modules/mkdirp/index.js:46:53',
71 error      'Object.oncomplete (fs.js:107:15)' ] }
72 error Please try running this command again as root/Administrator.
73 verbose exit [ 3, true ]
